<?xml version="1.0" encoding="UTF-8"?>
<!-- Generated by org.testng.reporters.JUnitXMLReporter -->
<testsuite hostname="GDC-VivekM-LPT" name="Login Test" tests="1" failures="1" timestamp="30 Dec 2017 19:14:21 GMT" time="3179.901" errors="0">
  <testcase name="loginTest" time="3177.656" classname="testscript.VerifyPolicyoverview">
    <failure type="java.lang.NullPointerException" message="null value in entry: url=null">
      <![CDATA[java.lang.NullPointerException: null value in entry: url=null
	at com.google.common.collect.CollectPreconditions.checkEntryNotNull(CollectPreconditions.java:33)
	at com.google.common.collect.SingletonImmutableBiMap.<init>(SingletonImmutableBiMap.java:39)
	at com.google.common.collect.ImmutableBiMap.of(ImmutableBiMap.java:49)
	at com.google.common.collect.ImmutableMap.of(ImmutableMap.java:70)
	at org.openqa.selenium.remote.RemoteWebDriver.get(RemoteWebDriver.java:316)
	at keywords.GenericKeywords.navigate(GenericKeywords.java:91)
	at keywords.Keywords.executeKeywords(Keywords.java:45)
	at testscript.VerifyPolicyoverview.loginTest(VerifyPolicyoverview.java:38)
	at java.util.concurrent.FutureTask.run(Unknown Source)
	at java.util.concurrent.ThreadPoolExecutor.runWorker(Unknown Source)
	at java.util.concurrent.ThreadPoolExecutor$Worker.run(Unknown Source)
	at java.lang.Thread.run(Unknown Source)
... Removed 16 stack frames]]>
    </failure>
  </testcase> <!-- loginTest -->
</testsuite> <!-- Login Test -->
