<?xml version="1.0" encoding="UTF-8"?>
<!-- Generated by org.testng.reporters.JUnitXMLReporter -->
<testsuite hostname="GDC-VivekM-LPT" name="Login Test 1" tests="1" failures="1" timestamp="30 Dec 2017 16:57:02 GMT" time="1.725" errors="0">
  <testcase name="@AfterMethod quit" time="0.0" classname="testscript.LoginTest">
    <failure type="java.lang.NullPointerException">
      <![CDATA[java.lang.NullPointerException
	at keywords.GenericKeywords.closeBrowser(GenericKeywords.java:115)
	at testscript.BaseTest.quit(BaseTest.java:32)
	at java.util.concurrent.FutureTask.run(Unknown Source)
	at java.util.concurrent.ThreadPoolExecutor.runWorker(Unknown Source)
	at java.util.concurrent.ThreadPoolExecutor$Worker.run(Unknown Source)
	at java.lang.Thread.run(Unknown Source)
... Removed 18 stack frames]]>
    </failure>
  </testcase> <!-- @AfterMethod quit -->
  <testcase name="loginTest" time="0.102" classname="testscript.LoginTest">
    <failure type="java.lang.NullPointerException">
      <![CDATA[java.lang.NullPointerException
	at keywords.GenericKeywords.openBrowser(GenericKeywords.java:73)
	at keywords.Keywords.executeKeywords(Keywords.java:43)
	at testscript.LoginTest.loginTest(LoginTest.java:44)
	at java.util.concurrent.FutureTask.run(Unknown Source)
	at java.util.concurrent.ThreadPoolExecutor.runWorker(Unknown Source)
	at java.util.concurrent.ThreadPoolExecutor$Worker.run(Unknown Source)
	at java.lang.Thread.run(Unknown Source)
... Removed 16 stack frames]]>
    </failure>
  </testcase> <!-- loginTest -->
</testsuite> <!-- Login Test 1 -->
