<?xml version="1.0" encoding="UTF-8"?>
<!-- Generated by org.testng.reporters.JUnitXMLReporter -->
<testsuite hostname="GDC-KAMALDEEPS-LPT" name="Class Test A" tests="3" failures="0" timestamp="30 Apr 2017 13:27:37 GMT" time="91.146" errors="0">
  <testcase name="loginTest" time="88.868" classname="testscript.LoginTest"/>
  <testcase name="loginTest" time="0.01" classname="testscript.LoginTest">
    <skipped/>
  </testcase> <!-- loginTest -->
  <testcase name="loginTest" time="0.0" classname="testscript.LoginTest">
    <skipped/>
  </testcase> <!-- loginTest -->
</testsuite> <!-- Class Test A -->
